2017-03-22 22:11:23,444 INFO 9700 [master] =================== egg start =====================
2017-03-22 22:11:23,445 INFO 9700 [master] egg version 1.0.0-rc.3
2017-03-22 22:11:23,446 INFO 9700 [master] start with options: {"framework":"D:\\work\\egg-example\\node_modules\\egg","baseDir":"D:\\work\\egg-example","port":7001,"workers":4,"plugins":null,"https":false,"key":"","cert":""}
2017-03-22 22:11:23,446 INFO 9700 [master] start with env: isProduction: true, isDebug: false, EGG_SERVER_ENV: undefined, NODE_ENV: production
2017-03-22 22:11:23,460 INFO 9700 [master] Agent Worker:9568 start with ["{\"framework\":\"D:\\\\work\\\\egg-example\\\\node_modules\\\\egg\",\"baseDir\":\"D:\\\\work\\\\egg-example\",\"port\":7001,\"workers\":4,\"plugins\":null,\"https\":false,\"key\":\"\",\"cert\":\"\",\"clusterPort\":53093}"]
2017-03-22 22:11:23,990 INFO 9568 [egg:core] App root: D:\work\egg-example
2017-03-22 22:11:23,992 INFO 9568 [egg:core] All *.log files save on "C:\\Users\\1\\logs\\example-egg"
2017-03-22 22:11:23,992 INFO 9568 [egg:core] Loaded enabled plugin [{"enable":true,"package":"egg-onerror","name":"onerror","dependencies":[],"optionalDependencies":[],"env":[],"from":"D:\\work\\egg-example\\node_modules\\egg\\config\\plugin.js","path":"D:\\work\\egg-example\\node_modules\\egg-onerror","version":"1.3.0"},{"enable":true,"package":"egg-session","name":"session","dependencies":[],"optionalDependencies":[],"env":[],"from":"D:\\work\\egg-example\\node_modules\\egg\\config\\plugin.js","path":"D:\\work\\egg-example\\node_modules\\egg-session","version":"2.1.0"},{"enable":true,"package":"egg-i18n","name":"i18n","dependencies":[],"optionalDependencies":[],"env":[],"from":"D:\\work\\egg-example\\node_modules\\egg\\config\\plugin.js","path":"D:\\work\\egg-example\\node_modules\\egg-i18n","version":"1.1.0"},{"enable":true,"package":"egg-watcher","name":"watcher","dependencies":[],"optionalDependencies":[],"env":[],"from":"D:\\work\\egg-example\\node_modules\\egg\\config\\plugin.js","path":"D:\\work\\egg-example\\node_modules\\egg-watcher","version":"2.1.0"},{"enable":true,"package":"egg-multipart","name":"multipart","dependencies":[],"optionalDependencies":[],"env":[],"from":"D:\\work\\egg-example\\node_modules\\egg\\config\\plugin.js","path":"D:\\work\\egg-example\\node_modules\\egg-multipart","version":"1.1.0"},{"enable":true,"package":"egg-security","name":"security","dependencies":["session"],"optionalDependencies":[],"env":[],"from":"D:\\work\\egg-example\\node_modules\\egg\\config\\plugin.js","path":"D:\\work\\egg-example\\node_modules\\egg-security","version":"1.8.0"},{"enable":true,"package":"egg-schedule","name":"schedule","dependencies":[],"optionalDependencies":[],"env":[],"from":"D:\\work\\egg-example\\node_modules\\egg\\config\\plugin.js","path":"D:\\work\\egg-example\\node_modules\\egg-schedule","version":"2.3.0"},{"enable":true,"package":"egg-logrotator","name":"logrotator","dependencies":["schedule"],"optionalDependencies":[],"env":[],"from":"D:\\work\\egg-example\\node_modules\\egg\\config\\plugin.js","path":"D:\\work\\egg-example\\node_modules\\egg-logrotator","version":"2.2.2"},{"enable":true,"package":"egg-static","name":"static","dependencies":[],"optionalDependencies":[],"env":[],"from":"D:\\work\\egg-example\\node_modules\\egg\\config\\plugin.js","path":"D:\\work\\egg-example\\node_modules\\egg-static","version":"1.2.0"},{"enable":true,"package":"egg-jsonp","name":"jsonp","dependencies":[],"optionalDependencies":["security"],"env":[],"from":"D:\\work\\egg-example\\node_modules\\egg\\config\\plugin.js","path":"D:\\work\\egg-example\\node_modules\\egg-jsonp","version":"1.0.0"},{"enable":true,"package":"egg-view","name":"view","dependencies":[],"optionalDependencies":[],"env":[],"from":"D:\\work\\egg-example\\node_modules\\egg\\config\\plugin.js","path":"D:\\work\\egg-example\\node_modules\\egg-view","version":"1.0.1"},{"enable":true,"package":"egg-mysql","name":"mysql","dependencies":[],"optionalDependencies":[],"env":[],"from":"D:\\work\\egg-example\\config\\plugin.js","path":"D:\\work\\egg-example\\node_modules\\egg-mysql","version":"2.0.0"},{"enable":true,"package":"egg-validate","name":"validate","dependencies":[],"optionalDependencies":[],"env":[],"from":"D:\\work\\egg-example\\config\\plugin.js","path":"D:\\work\\egg-example\\node_modules\\egg-validate","version":"1.0.0"}]
2017-03-22 22:11:24,002 INFO 9568 [egg:logger] init all loggers with options: {"dir":"C:\\Users\\1\\logs\\example-egg","encoding":"utf8","env":"prod","level":"INFO","consoleLevel":"INFO","outputJSON":false,"buffer":true,"appLogName":"example-egg-web.log","coreLogName":"egg-web.log","agentLogName":"egg-agent.log","errorLogName":"common-error.log","coreLogger":{},"type":"agent"}
2017-03-22 22:11:24,079 INFO 9568 [ClusterClient#Watcher] has seized port 53093, and serves as leader client.
2017-03-22 22:11:24,080 INFO 9568 [egg-watcher:agent] watcher start success
2017-03-22 22:11:24,080 WARN 9568 [egg-watcher] defaultEventSource watcher will NOT take effect
2017-03-22 22:11:24,081 INFO 9568 [egg:core:ready_stat] end ready task D:\work\egg-example\node_modules\egg-watcher\agent.js:15:9, remain []
2017-03-22 22:11:24,087 INFO 9700 [master] Agent Worker started (637ms)
2017-03-22 22:11:24,134 INFO 9700 [master] App Worker#1:9232 start, state: none, current workers: ["1","2","3","4"]
2017-03-22 22:11:24,134 INFO 9700 [master] App Worker#2:7684 start, state: none, current workers: ["1","2","3","4"]
2017-03-22 22:11:24,134 INFO 9700 [master] App Worker#3:7736 start, state: none, current workers: ["1","2","3","4"]
2017-03-22 22:11:24,134 INFO 9700 [master] App Worker#4:3252 start, state: none, current workers: ["1","2","3","4"]
2017-03-22 22:11:24,913 INFO 9232 [egg:core] App root: D:\work\egg-example
2017-03-22 22:11:24,915 INFO 9232 [egg:core] All *.log files save on "C:\\Users\\1\\logs\\example-egg"
2017-03-22 22:11:24,916 INFO 9232 [egg:core] Loaded enabled plugin [{"enable":true,"package":"egg-onerror","name":"onerror","dependencies":[],"optionalDependencies":[],"env":[],"from":"D:\\work\\egg-example\\node_modules\\egg\\config\\plugin.js","path":"D:\\work\\egg-example\\node_modules\\egg-onerror","version":"1.3.0"},{"enable":true,"package":"egg-session","name":"session","dependencies":[],"optionalDependencies":[],"env":[],"from":"D:\\work\\egg-example\\node_modules\\egg\\config\\plugin.js","path":"D:\\work\\egg-example\\node_modules\\egg-session","version":"2.1.0"},{"enable":true,"package":"egg-i18n","name":"i18n","dependencies":[],"optionalDependencies":[],"env":[],"from":"D:\\work\\egg-example\\node_modules\\egg\\config\\plugin.js","path":"D:\\work\\egg-example\\node_modules\\egg-i18n","version":"1.1.0"},{"enable":true,"package":"egg-watcher","name":"watcher","dependencies":[],"optionalDependencies":[],"env":[],"from":"D:\\work\\egg-example\\node_modules\\egg\\config\\plugin.js","path":"D:\\work\\egg-example\\node_modules\\egg-watcher","version":"2.1.0"},{"enable":true,"package":"egg-multipart","name":"multipart","dependencies":[],"optionalDependencies":[],"env":[],"from":"D:\\work\\egg-example\\node_modules\\egg\\config\\plugin.js","path":"D:\\work\\egg-example\\node_modules\\egg-multipart","version":"1.1.0"},{"enable":true,"package":"egg-security","name":"security","dependencies":["session"],"optionalDependencies":[],"env":[],"from":"D:\\work\\egg-example\\node_modules\\egg\\config\\plugin.js","path":"D:\\work\\egg-example\\node_modules\\egg-security","version":"1.8.0"},{"enable":true,"package":"egg-schedule","name":"schedule","dependencies":[],"optionalDependencies":[],"env":[],"from":"D:\\work\\egg-example\\node_modules\\egg\\config\\plugin.js","path":"D:\\work\\egg-example\\node_modules\\egg-schedule","version":"2.3.0"},{"enable":true,"package":"egg-logrotator","name":"logrotator","dependencies":["schedule"],"optionalDependencies":[],"env":[],"from":"D:\\work\\egg-example\\node_modules\\egg\\config\\plugin.js","path":"D:\\work\\egg-example\\node_modules\\egg-logrotator","version":"2.2.2"},{"enable":true,"package":"egg-static","name":"static","dependencies":[],"optionalDependencies":[],"env":[],"from":"D:\\work\\egg-example\\node_modules\\egg\\config\\plugin.js","path":"D:\\work\\egg-example\\node_modules\\egg-static","version":"1.2.0"},{"enable":true,"package":"egg-jsonp","name":"jsonp","dependencies":[],"optionalDependencies":["security"],"env":[],"from":"D:\\work\\egg-example\\node_modules\\egg\\config\\plugin.js","path":"D:\\work\\egg-example\\node_modules\\egg-jsonp","version":"1.0.0"},{"enable":true,"package":"egg-view","name":"view","dependencies":[],"optionalDependencies":[],"env":[],"from":"D:\\work\\egg-example\\node_modules\\egg\\config\\plugin.js","path":"D:\\work\\egg-example\\node_modules\\egg-view","version":"1.0.1"},{"enable":true,"package":"egg-mysql","name":"mysql","dependencies":[],"optionalDependencies":[],"env":[],"from":"D:\\work\\egg-example\\config\\plugin.js","path":"D:\\work\\egg-example\\node_modules\\egg-mysql","version":"2.0.0"},{"enable":true,"package":"egg-validate","name":"validate","dependencies":[],"optionalDependencies":[],"env":[],"from":"D:\\work\\egg-example\\config\\plugin.js","path":"D:\\work\\egg-example\\node_modules\\egg-validate","version":"1.0.0"}]
2017-03-22 22:11:24,983 INFO 7684 [egg:core] App root: D:\work\egg-example
2017-03-22 22:11:24,985 INFO 7684 [egg:core] All *.log files save on "C:\\Users\\1\\logs\\example-egg"
2017-03-22 22:11:24,986 INFO 7684 [egg:core] Loaded enabled plugin [{"enable":true,"package":"egg-onerror","name":"onerror","dependencies":[],"optionalDependencies":[],"env":[],"from":"D:\\work\\egg-example\\node_modules\\egg\\config\\plugin.js","path":"D:\\work\\egg-example\\node_modules\\egg-onerror","version":"1.3.0"},{"enable":true,"package":"egg-session","name":"session","dependencies":[],"optionalDependencies":[],"env":[],"from":"D:\\work\\egg-example\\node_modules\\egg\\config\\plugin.js","path":"D:\\work\\egg-example\\node_modules\\egg-session","version":"2.1.0"},{"enable":true,"package":"egg-i18n","name":"i18n","dependencies":[],"optionalDependencies":[],"env":[],"from":"D:\\work\\egg-example\\node_modules\\egg\\config\\plugin.js","path":"D:\\work\\egg-example\\node_modules\\egg-i18n","version":"1.1.0"},{"enable":true,"package":"egg-watcher","name":"watcher","dependencies":[],"optionalDependencies":[],"env":[],"from":"D:\\work\\egg-example\\node_modules\\egg\\config\\plugin.js","path":"D:\\work\\egg-example\\node_modules\\egg-watcher","version":"2.1.0"},{"enable":true,"package":"egg-multipart","name":"multipart","dependencies":[],"optionalDependencies":[],"env":[],"from":"D:\\work\\egg-example\\node_modules\\egg\\config\\plugin.js","path":"D:\\work\\egg-example\\node_modules\\egg-multipart","version":"1.1.0"},{"enable":true,"package":"egg-security","name":"security","dependencies":["session"],"optionalDependencies":[],"env":[],"from":"D:\\work\\egg-example\\node_modules\\egg\\config\\plugin.js","path":"D:\\work\\egg-example\\node_modules\\egg-security","version":"1.8.0"},{"enable":true,"package":"egg-schedule","name":"schedule","dependencies":[],"optionalDependencies":[],"env":[],"from":"D:\\work\\egg-example\\node_modules\\egg\\config\\plugin.js","path":"D:\\work\\egg-example\\node_modules\\egg-schedule","version":"2.3.0"},{"enable":true,"package":"egg-logrotator","name":"logrotator","dependencies":["schedule"],"optionalDependencies":[],"env":[],"from":"D:\\work\\egg-example\\node_modules\\egg\\config\\plugin.js","path":"D:\\work\\egg-example\\node_modules\\egg-logrotator","version":"2.2.2"},{"enable":true,"package":"egg-static","name":"static","dependencies":[],"optionalDependencies":[],"env":[],"from":"D:\\work\\egg-example\\node_modules\\egg\\config\\plugin.js","path":"D:\\work\\egg-example\\node_modules\\egg-static","version":"1.2.0"},{"enable":true,"package":"egg-jsonp","name":"jsonp","dependencies":[],"optionalDependencies":["security"],"env":[],"from":"D:\\work\\egg-example\\node_modules\\egg\\config\\plugin.js","path":"D:\\work\\egg-example\\node_modules\\egg-jsonp","version":"1.0.0"},{"enable":true,"package":"egg-view","name":"view","dependencies":[],"optionalDependencies":[],"env":[],"from":"D:\\work\\egg-example\\node_modules\\egg\\config\\plugin.js","path":"D:\\work\\egg-example\\node_modules\\egg-view","version":"1.0.1"},{"enable":true,"package":"egg-mysql","name":"mysql","dependencies":[],"optionalDependencies":[],"env":[],"from":"D:\\work\\egg-example\\config\\plugin.js","path":"D:\\work\\egg-example\\node_modules\\egg-mysql","version":"2.0.0"},{"enable":true,"package":"egg-validate","name":"validate","dependencies":[],"optionalDependencies":[],"env":[],"from":"D:\\work\\egg-example\\config\\plugin.js","path":"D:\\work\\egg-example\\node_modules\\egg-validate","version":"1.0.0"}]
2017-03-22 22:11:25,008 INFO 7736 [egg:core] App root: D:\work\egg-example
2017-03-22 22:11:25,010 INFO 7736 [egg:core] All *.log files save on "C:\\Users\\1\\logs\\example-egg"
2017-03-22 22:11:25,011 INFO 7736 [egg:core] Loaded enabled plugin [{"enable":true,"package":"egg-onerror","name":"onerror","dependencies":[],"optionalDependencies":[],"env":[],"from":"D:\\work\\egg-example\\node_modules\\egg\\config\\plugin.js","path":"D:\\work\\egg-example\\node_modules\\egg-onerror","version":"1.3.0"},{"enable":true,"package":"egg-session","name":"session","dependencies":[],"optionalDependencies":[],"env":[],"from":"D:\\work\\egg-example\\node_modules\\egg\\config\\plugin.js","path":"D:\\work\\egg-example\\node_modules\\egg-session","version":"2.1.0"},{"enable":true,"package":"egg-i18n","name":"i18n","dependencies":[],"optionalDependencies":[],"env":[],"from":"D:\\work\\egg-example\\node_modules\\egg\\config\\plugin.js","path":"D:\\work\\egg-example\\node_modules\\egg-i18n","version":"1.1.0"},{"enable":true,"package":"egg-watcher","name":"watcher","dependencies":[],"optionalDependencies":[],"env":[],"from":"D:\\work\\egg-example\\node_modules\\egg\\config\\plugin.js","path":"D:\\work\\egg-example\\node_modules\\egg-watcher","version":"2.1.0"},{"enable":true,"package":"egg-multipart","name":"multipart","dependencies":[],"optionalDependencies":[],"env":[],"from":"D:\\work\\egg-example\\node_modules\\egg\\config\\plugin.js","path":"D:\\work\\egg-example\\node_modules\\egg-multipart","version":"1.1.0"},{"enable":true,"package":"egg-security","name":"security","dependencies":["session"],"optionalDependencies":[],"env":[],"from":"D:\\work\\egg-example\\node_modules\\egg\\config\\plugin.js","path":"D:\\work\\egg-example\\node_modules\\egg-security","version":"1.8.0"},{"enable":true,"package":"egg-schedule","name":"schedule","dependencies":[],"optionalDependencies":[],"env":[],"from":"D:\\work\\egg-example\\node_modules\\egg\\config\\plugin.js","path":"D:\\work\\egg-example\\node_modules\\egg-schedule","version":"2.3.0"},{"enable":true,"package":"egg-logrotator","name":"logrotator","dependencies":["schedule"],"optionalDependencies":[],"env":[],"from":"D:\\work\\egg-example\\node_modules\\egg\\config\\plugin.js","path":"D:\\work\\egg-example\\node_modules\\egg-logrotator","version":"2.2.2"},{"enable":true,"package":"egg-static","name":"static","dependencies":[],"optionalDependencies":[],"env":[],"from":"D:\\work\\egg-example\\node_modules\\egg\\config\\plugin.js","path":"D:\\work\\egg-example\\node_modules\\egg-static","version":"1.2.0"},{"enable":true,"package":"egg-jsonp","name":"jsonp","dependencies":[],"optionalDependencies":["security"],"env":[],"from":"D:\\work\\egg-example\\node_modules\\egg\\config\\plugin.js","path":"D:\\work\\egg-example\\node_modules\\egg-jsonp","version":"1.0.0"},{"enable":true,"package":"egg-view","name":"view","dependencies":[],"optionalDependencies":[],"env":[],"from":"D:\\work\\egg-example\\node_modules\\egg\\config\\plugin.js","path":"D:\\work\\egg-example\\node_modules\\egg-view","version":"1.0.1"},{"enable":true,"package":"egg-mysql","name":"mysql","dependencies":[],"optionalDependencies":[],"env":[],"from":"D:\\work\\egg-example\\config\\plugin.js","path":"D:\\work\\egg-example\\node_modules\\egg-mysql","version":"2.0.0"},{"enable":true,"package":"egg-validate","name":"validate","dependencies":[],"optionalDependencies":[],"env":[],"from":"D:\\work\\egg-example\\config\\plugin.js","path":"D:\\work\\egg-example\\node_modules\\egg-validate","version":"1.0.0"}]
2017-03-22 22:11:25,052 INFO 3252 [egg:core] App root: D:\work\egg-example
2017-03-22 22:11:25,055 INFO 3252 [egg:core] All *.log files save on "C:\\Users\\1\\logs\\example-egg"
2017-03-22 22:11:25,056 INFO 3252 [egg:core] Loaded enabled plugin [{"enable":true,"package":"egg-onerror","name":"onerror","dependencies":[],"optionalDependencies":[],"env":[],"from":"D:\\work\\egg-example\\node_modules\\egg\\config\\plugin.js","path":"D:\\work\\egg-example\\node_modules\\egg-onerror","version":"1.3.0"},{"enable":true,"package":"egg-session","name":"session","dependencies":[],"optionalDependencies":[],"env":[],"from":"D:\\work\\egg-example\\node_modules\\egg\\config\\plugin.js","path":"D:\\work\\egg-example\\node_modules\\egg-session","version":"2.1.0"},{"enable":true,"package":"egg-i18n","name":"i18n","dependencies":[],"optionalDependencies":[],"env":[],"from":"D:\\work\\egg-example\\node_modules\\egg\\config\\plugin.js","path":"D:\\work\\egg-example\\node_modules\\egg-i18n","version":"1.1.0"},{"enable":true,"package":"egg-watcher","name":"watcher","dependencies":[],"optionalDependencies":[],"env":[],"from":"D:\\work\\egg-example\\node_modules\\egg\\config\\plugin.js","path":"D:\\work\\egg-example\\node_modules\\egg-watcher","version":"2.1.0"},{"enable":true,"package":"egg-multipart","name":"multipart","dependencies":[],"optionalDependencies":[],"env":[],"from":"D:\\work\\egg-example\\node_modules\\egg\\config\\plugin.js","path":"D:\\work\\egg-example\\node_modules\\egg-multipart","version":"1.1.0"},{"enable":true,"package":"egg-security","name":"security","dependencies":["session"],"optionalDependencies":[],"env":[],"from":"D:\\work\\egg-example\\node_modules\\egg\\config\\plugin.js","path":"D:\\work\\egg-example\\node_modules\\egg-security","version":"1.8.0"},{"enable":true,"package":"egg-schedule","name":"schedule","dependencies":[],"optionalDependencies":[],"env":[],"from":"D:\\work\\egg-example\\node_modules\\egg\\config\\plugin.js","path":"D:\\work\\egg-example\\node_modules\\egg-schedule","version":"2.3.0"},{"enable":true,"package":"egg-logrotator","name":"logrotator","dependencies":["schedule"],"optionalDependencies":[],"env":[],"from":"D:\\work\\egg-example\\node_modules\\egg\\config\\plugin.js","path":"D:\\work\\egg-example\\node_modules\\egg-logrotator","version":"2.2.2"},{"enable":true,"package":"egg-static","name":"static","dependencies":[],"optionalDependencies":[],"env":[],"from":"D:\\work\\egg-example\\node_modules\\egg\\config\\plugin.js","path":"D:\\work\\egg-example\\node_modules\\egg-static","version":"1.2.0"},{"enable":true,"package":"egg-jsonp","name":"jsonp","dependencies":[],"optionalDependencies":["security"],"env":[],"from":"D:\\work\\egg-example\\node_modules\\egg\\config\\plugin.js","path":"D:\\work\\egg-example\\node_modules\\egg-jsonp","version":"1.0.0"},{"enable":true,"package":"egg-view","name":"view","dependencies":[],"optionalDependencies":[],"env":[],"from":"D:\\work\\egg-example\\node_modules\\egg\\config\\plugin.js","path":"D:\\work\\egg-example\\node_modules\\egg-view","version":"1.0.1"},{"enable":true,"package":"egg-mysql","name":"mysql","dependencies":[],"optionalDependencies":[],"env":[],"from":"D:\\work\\egg-example\\config\\plugin.js","path":"D:\\work\\egg-example\\node_modules\\egg-mysql","version":"2.0.0"},{"enable":true,"package":"egg-validate","name":"validate","dependencies":[],"optionalDependencies":[],"env":[],"from":"D:\\work\\egg-example\\config\\plugin.js","path":"D:\\work\\egg-example\\node_modules\\egg-validate","version":"1.0.0"}]
2017-03-22 22:11:25,215 INFO 9232 [egg:logger] init all loggers with options: {"dir":"C:\\Users\\1\\logs\\example-egg","encoding":"utf8","env":"prod","level":"INFO","consoleLevel":"INFO","outputJSON":false,"buffer":true,"appLogName":"example-egg-web.log","coreLogName":"egg-web.log","agentLogName":"egg-agent.log","errorLogName":"common-error.log","coreLogger":{},"type":"application"}
2017-03-22 22:11:25,221 INFO 7684 [egg:logger] init all loggers with options: {"dir":"C:\\Users\\1\\logs\\example-egg","encoding":"utf8","env":"prod","level":"INFO","consoleLevel":"INFO","outputJSON":false,"buffer":true,"appLogName":"example-egg-web.log","coreLogName":"egg-web.log","agentLogName":"egg-agent.log","errorLogName":"common-error.log","coreLogger":{},"type":"application"}
2017-03-22 22:11:25,236 INFO 7736 [egg:logger] init all loggers with options: {"dir":"C:\\Users\\1\\logs\\example-egg","encoding":"utf8","env":"prod","level":"INFO","consoleLevel":"INFO","outputJSON":false,"buffer":true,"appLogName":"example-egg-web.log","coreLogName":"egg-web.log","agentLogName":"egg-agent.log","errorLogName":"common-error.log","coreLogger":{},"type":"application"}
2017-03-22 22:11:25,266 INFO 3252 [egg:logger] init all loggers with options: {"dir":"C:\\Users\\1\\logs\\example-egg","encoding":"utf8","env":"prod","level":"INFO","consoleLevel":"INFO","outputJSON":false,"buffer":true,"appLogName":"example-egg-web.log","coreLogName":"egg-web.log","agentLogName":"egg-agent.log","errorLogName":"common-error.log","coreLogger":{},"type":"application"}
2017-03-22 22:11:25,281 INFO 9232 [egg-schedule]: register schedule egg-schedule:D:\work\egg-example\node_modules\egg-logrotator\app\schedule\clean_log.js
2017-03-22 22:11:25,281 INFO 9232 [egg-schedule]: register schedule egg-schedule:D:\work\egg-example\node_modules\egg-logrotator\app\schedule\rotate_by_file.js
2017-03-22 22:11:25,294 INFO 7684 [egg-schedule]: register schedule egg-schedule:D:\work\egg-example\node_modules\egg-logrotator\app\schedule\clean_log.js
2017-03-22 22:11:25,294 INFO 7684 [egg-schedule]: register schedule egg-schedule:D:\work\egg-example\node_modules\egg-logrotator\app\schedule\rotate_by_file.js
2017-03-22 22:11:25,296 INFO 9232 [egg-mysql] connecting qdm105632177@qdm105632177.my3w.com:3306/qdm105632177_db
2017-03-22 22:11:25,304 INFO 7736 [egg-schedule]: register schedule egg-schedule:D:\work\egg-example\node_modules\egg-logrotator\app\schedule\clean_log.js
2017-03-22 22:11:25,304 INFO 7736 [egg-schedule]: register schedule egg-schedule:D:\work\egg-example\node_modules\egg-logrotator\app\schedule\rotate_by_file.js
2017-03-22 22:11:25,313 INFO 7684 [egg-mysql] connecting qdm105632177@qdm105632177.my3w.com:3306/qdm105632177_db
2017-03-22 22:11:25,320 INFO 7736 [egg-mysql] connecting qdm105632177@qdm105632177.my3w.com:3306/qdm105632177_db
2017-03-22 22:11:25,336 INFO 3252 [egg-schedule]: register schedule egg-schedule:D:\work\egg-example\node_modules\egg-logrotator\app\schedule\clean_log.js
2017-03-22 22:11:25,336 INFO 3252 [egg-schedule]: register schedule egg-schedule:D:\work\egg-example\node_modules\egg-logrotator\app\schedule\rotate_by_file.js
2017-03-22 22:11:25,354 INFO 3252 [egg-mysql] connecting qdm105632177@qdm105632177.my3w.com:3306/qdm105632177_db
2017-03-22 22:11:25,447 INFO 9232 Use coreMiddleware order: ["meta","siteFile","notfound","static","bodyParser","session","i18n","securities"]
2017-03-22 22:11:25,447 INFO 9232 Use appMiddleware order: []
2017-03-22 22:11:25,449 INFO 9232 [egg:loader] Use middleware: meta
2017-03-22 22:11:25,449 INFO 9232 [egg:loader] Use middleware: siteFile
2017-03-22 22:11:25,449 INFO 9232 [egg:loader] Use middleware: notfound
2017-03-22 22:11:25,450 INFO 9232 [egg-static] starting static serve /public/ -> D:\work\egg-example\app\public
2017-03-22 22:11:25,451 INFO 9232 [egg:loader] Use middleware: static
2017-03-22 22:11:25,451 INFO 9232 [egg:loader] Use middleware: bodyParser
2017-03-22 22:11:25,452 INFO 9232 [egg:loader] Use middleware: session
2017-03-22 22:11:25,452 INFO 9232 [egg:loader] Use middleware: i18n
2017-03-22 22:11:25,454 INFO 9232 [egg-security] use csrf middleware
2017-03-22 22:11:25,455 INFO 9232 [egg-security] use methodnoallow middleware
2017-03-22 22:11:25,456 INFO 9232 [egg-security] use noopen middleware
2017-03-22 22:11:25,456 INFO 9232 [egg-security] use nosniff middleware
2017-03-22 22:11:25,457 INFO 9232 [egg-security] use xssProtection middleware
2017-03-22 22:11:25,457 INFO 7684 Use coreMiddleware order: ["meta","siteFile","notfound","static","bodyParser","session","i18n","securities"]
2017-03-22 22:11:25,457 INFO 7684 Use appMiddleware order: []
2017-03-22 22:11:25,459 INFO 7684 [egg:loader] Use middleware: meta
2017-03-22 22:11:25,459 INFO 7684 [egg:loader] Use middleware: siteFile
2017-03-22 22:11:25,460 INFO 7684 [egg:loader] Use middleware: notfound
2017-03-22 22:11:25,460 INFO 9232 [egg-security] use xframe middleware
2017-03-22 22:11:25,460 INFO 7684 [egg-static] starting static serve /public/ -> D:\work\egg-example\app\public
2017-03-22 22:11:25,460 INFO 9232 [egg-security] compose 6 middlewares into one security middleware
2017-03-22 22:11:25,460 INFO 9232 [egg:loader] Use middleware: securities
2017-03-22 22:11:25,461 INFO 9232 [egg:loader] Loaded middleware from ["D:\\work\\egg-example\\node_modules\\egg-onerror\\app\\middleware","D:\\work\\egg-example\\node_modules\\egg-session\\app\\middleware","D:\\work\\egg-example\\node_modules\\egg-i18n\\app\\middleware","D:\\work\\egg-example\\node_modules\\egg-watcher\\app\\middleware","D:\\work\\egg-example\\node_modules\\egg-multipart\\app\\middleware","D:\\work\\egg-example\\node_modules\\egg-security\\app\\middleware","D:\\work\\egg-example\\node_modules\\egg-schedule\\app\\middleware","D:\\work\\egg-example\\node_modules\\egg-logrotator\\app\\middleware","D:\\work\\egg-example\\node_modules\\egg-static\\app\\middleware","D:\\work\\egg-example\\node_modules\\egg-jsonp\\app\\middleware","D:\\work\\egg-example\\node_modules\\egg-view\\app\\middleware","D:\\work\\egg-example\\node_modules\\egg-mysql\\app\\middleware","D:\\work\\egg-example\\node_modules\\egg-validate\\app\\middleware","D:\\work\\egg-example\\node_modules\\egg\\app\\middleware","D:\\work\\egg-example\\app\\middleware"]
2017-03-22 22:11:25,461 INFO 7684 [egg:loader] Use middleware: static
2017-03-22 22:11:25,462 INFO 7684 [egg:loader] Use middleware: bodyParser
2017-03-22 22:11:25,462 INFO 7684 [egg:loader] Use middleware: session
2017-03-22 22:11:25,462 INFO 7684 [egg:loader] Use middleware: i18n
2017-03-22 22:11:25,464 INFO 7684 [egg-security] use csrf middleware
2017-03-22 22:11:25,465 INFO 7684 [egg-security] use methodnoallow middleware
2017-03-22 22:11:25,466 INFO 7684 [egg-security] use noopen middleware
2017-03-22 22:11:25,467 INFO 7684 [egg-security] use nosniff middleware
2017-03-22 22:11:25,468 INFO 7684 [egg-security] use xssProtection middleware
2017-03-22 22:11:25,468 INFO 9232 [egg:loader] Controller loaded: D:\work\egg-example\app\controller
2017-03-22 22:11:25,469 INFO 7684 [egg-security] use xframe middleware
2017-03-22 22:11:25,469 INFO 7684 [egg-security] compose 6 middlewares into one security middleware
2017-03-22 22:11:25,470 INFO 7684 [egg:loader] Use middleware: securities
2017-03-22 22:11:25,470 INFO 7684 [egg:loader] Loaded middleware from ["D:\\work\\egg-example\\node_modules\\egg-onerror\\app\\middleware","D:\\work\\egg-example\\node_modules\\egg-session\\app\\middleware","D:\\work\\egg-example\\node_modules\\egg-i18n\\app\\middleware","D:\\work\\egg-example\\node_modules\\egg-watcher\\app\\middleware","D:\\work\\egg-example\\node_modules\\egg-multipart\\app\\middleware","D:\\work\\egg-example\\node_modules\\egg-security\\app\\middleware","D:\\work\\egg-example\\node_modules\\egg-schedule\\app\\middleware","D:\\work\\egg-example\\node_modules\\egg-logrotator\\app\\middleware","D:\\work\\egg-example\\node_modules\\egg-static\\app\\middleware","D:\\work\\egg-example\\node_modules\\egg-jsonp\\app\\middleware","D:\\work\\egg-example\\node_modules\\egg-view\\app\\middleware","D:\\work\\egg-example\\node_modules\\egg-mysql\\app\\middleware","D:\\work\\egg-example\\node_modules\\egg-validate\\app\\middleware","D:\\work\\egg-example\\node_modules\\egg\\app\\middleware","D:\\work\\egg-example\\app\\middleware"]
2017-03-22 22:11:25,477 INFO 7684 [egg:loader] Controller loaded: D:\work\egg-example\app\controller
2017-03-22 22:11:25,482 INFO 7736 Use coreMiddleware order: ["meta","siteFile","notfound","static","bodyParser","session","i18n","securities"]
2017-03-22 22:11:25,482 INFO 7736 Use appMiddleware order: []
2017-03-22 22:11:25,486 INFO 7736 [egg:loader] Use middleware: meta
2017-03-22 22:11:25,487 INFO 7736 [egg:loader] Use middleware: siteFile
2017-03-22 22:11:25,487 INFO 7736 [egg:loader] Use middleware: notfound
2017-03-22 22:11:25,488 INFO 7736 [egg-static] starting static serve /public/ -> D:\work\egg-example\app\public
2017-03-22 22:11:25,488 INFO 7736 [egg:loader] Use middleware: static
2017-03-22 22:11:25,489 INFO 7736 [egg:loader] Use middleware: bodyParser
2017-03-22 22:11:25,489 INFO 7736 [egg:loader] Use middleware: session
2017-03-22 22:11:25,490 INFO 7736 [egg:loader] Use middleware: i18n
2017-03-22 22:11:25,491 INFO 7736 [egg-security] use csrf middleware
2017-03-22 22:11:25,493 INFO 7736 [egg-security] use methodnoallow middleware
2017-03-22 22:11:25,494 INFO 7736 [egg-security] use noopen middleware
2017-03-22 22:11:25,495 INFO 7736 [egg-security] use nosniff middleware
2017-03-22 22:11:25,498 INFO 7736 [egg-security] use xssProtection middleware
2017-03-22 22:11:25,499 INFO 9232 [ClusterClient#Watcher] gives up seizing port 53093, and serves as follower client.
2017-03-22 22:11:25,500 INFO 7736 [egg-security] use xframe middleware
2017-03-22 22:11:25,500 INFO 7736 [egg-security] compose 6 middlewares into one security middleware
2017-03-22 22:11:25,500 INFO 7736 [egg:loader] Use middleware: securities
2017-03-22 22:11:25,500 INFO 7736 [egg:loader] Loaded middleware from ["D:\\work\\egg-example\\node_modules\\egg-onerror\\app\\middleware","D:\\work\\egg-example\\node_modules\\egg-session\\app\\middleware","D:\\work\\egg-example\\node_modules\\egg-i18n\\app\\middleware","D:\\work\\egg-example\\node_modules\\egg-watcher\\app\\middleware","D:\\work\\egg-example\\node_modules\\egg-multipart\\app\\middleware","D:\\work\\egg-example\\node_modules\\egg-security\\app\\middleware","D:\\work\\egg-example\\node_modules\\egg-schedule\\app\\middleware","D:\\work\\egg-example\\node_modules\\egg-logrotator\\app\\middleware","D:\\work\\egg-example\\node_modules\\egg-static\\app\\middleware","D:\\work\\egg-example\\node_modules\\egg-jsonp\\app\\middleware","D:\\work\\egg-example\\node_modules\\egg-view\\app\\middleware","D:\\work\\egg-example\\node_modules\\egg-mysql\\app\\middleware","D:\\work\\egg-example\\node_modules\\egg-validate\\app\\middleware","D:\\work\\egg-example\\node_modules\\egg\\app\\middleware","D:\\work\\egg-example\\app\\middleware"]
2017-03-22 22:11:25,507 INFO 7684 [ClusterClient#Watcher] gives up seizing port 53093, and serves as follower client.
2017-03-22 22:11:25,508 INFO 9232 [Follower#Watcher] register to channel: Watcher success
2017-03-22 22:11:25,509 INFO 9232 [egg-watcher:app] watcher start success
2017-03-22 22:11:25,510 INFO 9232 [egg:core:ready_stat] end ready task D:\work\egg-example\node_modules\egg-watcher\app.js:15:7, remain ["D:\\work\\egg-example\\node_modules\\egg-mysql\\lib\\mysql.js:20:7"]
2017-03-22 22:11:25,514 INFO 7684 [Follower#Watcher] register to channel: Watcher success
2017-03-22 22:11:25,515 INFO 7684 [egg-watcher:app] watcher start success
2017-03-22 22:11:25,516 INFO 7684 [egg:core:ready_stat] end ready task D:\work\egg-example\node_modules\egg-watcher\app.js:15:7, remain ["D:\\work\\egg-example\\node_modules\\egg-mysql\\lib\\mysql.js:20:7"]
2017-03-22 22:11:25,516 INFO 3252 Use coreMiddleware order: ["meta","siteFile","notfound","static","bodyParser","session","i18n","securities"]
2017-03-22 22:11:25,517 INFO 3252 Use appMiddleware order: []
2017-03-22 22:11:25,519 INFO 3252 [egg:loader] Use middleware: meta
2017-03-22 22:11:25,520 INFO 3252 [egg:loader] Use middleware: siteFile
2017-03-22 22:11:25,520 INFO 3252 [egg:loader] Use middleware: notfound
2017-03-22 22:11:25,521 INFO 3252 [egg-static] starting static serve /public/ -> D:\work\egg-example\app\public
2017-03-22 22:11:25,522 INFO 3252 [egg:loader] Use middleware: static
2017-03-22 22:11:25,523 INFO 3252 [egg:loader] Use middleware: bodyParser
2017-03-22 22:11:25,523 INFO 3252 [egg:loader] Use middleware: session
2017-03-22 22:11:25,524 INFO 3252 [egg:loader] Use middleware: i18n
2017-03-22 22:11:25,526 INFO 3252 [egg-security] use csrf middleware
2017-03-22 22:11:25,527 INFO 3252 [egg-security] use methodnoallow middleware
2017-03-22 22:11:25,528 INFO 3252 [egg-security] use noopen middleware
2017-03-22 22:11:25,528 INFO 3252 [egg-security] use nosniff middleware
2017-03-22 22:11:25,529 INFO 3252 [egg-security] use xssProtection middleware
2017-03-22 22:11:25,531 INFO 7736 [egg:loader] Controller loaded: D:\work\egg-example\app\controller
2017-03-22 22:11:25,532 INFO 3252 [egg-security] use xframe middleware
2017-03-22 22:11:25,532 INFO 3252 [egg-security] compose 6 middlewares into one security middleware
2017-03-22 22:11:25,532 INFO 3252 [egg:loader] Use middleware: securities
2017-03-22 22:11:25,532 INFO 3252 [egg:loader] Loaded middleware from ["D:\\work\\egg-example\\node_modules\\egg-onerror\\app\\middleware","D:\\work\\egg-example\\node_modules\\egg-session\\app\\middleware","D:\\work\\egg-example\\node_modules\\egg-i18n\\app\\middleware","D:\\work\\egg-example\\node_modules\\egg-watcher\\app\\middleware","D:\\work\\egg-example\\node_modules\\egg-multipart\\app\\middleware","D:\\work\\egg-example\\node_modules\\egg-security\\app\\middleware","D:\\work\\egg-example\\node_modules\\egg-schedule\\app\\middleware","D:\\work\\egg-example\\node_modules\\egg-logrotator\\app\\middleware","D:\\work\\egg-example\\node_modules\\egg-static\\app\\middleware","D:\\work\\egg-example\\node_modules\\egg-jsonp\\app\\middleware","D:\\work\\egg-example\\node_modules\\egg-view\\app\\middleware","D:\\work\\egg-example\\node_modules\\egg-mysql\\app\\middleware","D:\\work\\egg-example\\node_modules\\egg-validate\\app\\middleware","D:\\work\\egg-example\\node_modules\\egg\\app\\middleware","D:\\work\\egg-example\\app\\middleware"]
2017-03-22 22:11:25,538 INFO 3252 [egg:loader] Controller loaded: D:\work\egg-example\app\controller
2017-03-22 22:11:25,562 INFO 7736 [ClusterClient#Watcher] gives up seizing port 53093, and serves as follower client.
2017-03-22 22:11:25,567 INFO 7736 [Follower#Watcher] register to channel: Watcher success
2017-03-22 22:11:25,568 INFO 7736 [egg-watcher:app] watcher start success
2017-03-22 22:11:25,568 INFO 3252 [ClusterClient#Watcher] gives up seizing port 53093, and serves as follower client.
2017-03-22 22:11:25,569 INFO 7736 [egg:core:ready_stat] end ready task D:\work\egg-example\node_modules\egg-watcher\app.js:15:7, remain ["D:\\work\\egg-example\\node_modules\\egg-mysql\\lib\\mysql.js:20:7"]
2017-03-22 22:11:25,574 INFO 3252 [Follower#Watcher] register to channel: Watcher success
2017-03-22 22:11:25,575 INFO 3252 [egg-watcher:app] watcher start success
2017-03-22 22:11:25,576 INFO 3252 [egg:core:ready_stat] end ready task D:\work\egg-example\node_modules\egg-watcher\app.js:15:7, remain ["D:\\work\\egg-example\\node_modules\\egg-mysql\\lib\\mysql.js:20:7"]
2017-03-22 22:11:25,711 INFO 7736 [egg-mysql] instance[0] status OK, rds currentTime: Wed Mar 22 2017 22:13:28 GMT+0800 (ä¸­å›½æ ‡å‡†æ—¶é—´)
2017-03-22 22:11:25,711 INFO 7736 [egg:core:ready_stat] end ready task D:\work\egg-example\node_modules\egg-mysql\lib\mysql.js:20:7, remain []
2017-03-22 22:11:25,721 WARN 9700 [master] App Worker#3:7736 started at 7001, remain 3 (1634ms)
2017-03-22 22:11:25,724 INFO 7684 [egg-mysql] instance[0] status OK, rds currentTime: Wed Mar 22 2017 22:13:28 GMT+0800 (ä¸­å›½æ ‡å‡†æ—¶é—´)
2017-03-22 22:11:25,724 INFO 7684 [egg:core:ready_stat] end ready task D:\work\egg-example\node_modules\egg-mysql\lib\mysql.js:20:7, remain []
2017-03-22 22:11:25,724 INFO 3252 [egg-mysql] instance[0] status OK, rds currentTime: Wed Mar 22 2017 22:13:28 GMT+0800 (ä¸­å›½æ ‡å‡†æ—¶é—´)
2017-03-22 22:11:25,725 INFO 3252 [egg:core:ready_stat] end ready task D:\work\egg-example\node_modules\egg-mysql\lib\mysql.js:20:7, remain []
2017-03-22 22:11:25,729 INFO 9232 [egg-mysql] instance[0] status OK, rds currentTime: Wed Mar 22 2017 22:13:28 GMT+0800 (ä¸­å›½æ ‡å‡†æ—¶é—´)
2017-03-22 22:11:25,729 INFO 9232 [egg:core:ready_stat] end ready task D:\work\egg-example\node_modules\egg-mysql\lib\mysql.js:20:7, remain []
2017-03-22 22:11:25,737 WARN 9700 [master] App Worker#1:9232 started at 7001, remain 2 (1650ms)
2017-03-22 22:11:25,742 WARN 9700 [master] App Worker#2:7684 started at 7001, remain 1 (1655ms)
2017-03-22 22:11:25,743 WARN 9700 [master] App Worker#4:3252 started at 7001, remain 0 (1656ms)
2017-03-22 22:11:25,743 INFO 9700 [master] egg started on http://127.0.0.1:7001 (2297ms)
ÖÕÖ¹Åú´¦Àí²Ù×÷Âð(Y/N)? 